This file contains any messages produced by compilers while
running configure, to aid debugging if configure makes a mistake.

It was created by HarfBuzz configure 1.8.1, which was
generated by GNU Autoconf 2.69.  Invocation command line was

  $ ./configure --prefix=/Users/Darkyen/IntelliJProjects/libgdxExperimentation/harfbuzz --with-freetype=yes

## --------- ##
## Platform. ##
## --------- ##

hostname = Darkyen.local
uname -m = x86_64
uname -r = 15.6.0
uname -s = Darwin
uname -v = Darwin Kernel Version 15.6.0: Wed May  2 21:04:22 PDT 2018; root:xnu-3248.73.10~1/RELEASE_X86_64

/usr/bin/uname -p = i386
/bin/uname -X     = unknown

/bin/arch              = unknown
/usr/bin/arch -k       = unknown
/usr/convex/getsysinfo = unknown
/usr/bin/hostinfo      = Mach kernel version:
	 Darwin Kernel Version 15.6.0: Wed May  2 21:04:22 PDT 2018; root:xnu-3248.73.10~1/RELEASE_X86_64
Kernel configured for up to 8 processors.
4 processors are physically available.
8 processors are logically available.
Processor type: x86_64h (Intel x86-64h Haswell)
Processors active: 0 1 2 3 4 5 6 7
Primary memory available: 16.00 gigabytes
Default processor set: 279 tasks, 1295 threads, 8 processors
Load average: 1.38, Mach factor: 6.60
/bin/machine           = unknown
/usr/bin/oslevel       = unknown
/bin/universe          = unknown

PATH: /Commands/AndroidSDK/tools
PATH: /Commands/AndroidSDK/platform-tools
PATH: /Commands
PATH: /usr/local/sbin
PATH: /usr/local/bin
PATH: /usr/bin
PATH: /bin
PATH: /usr/sbin
PATH: /sbin
PATH: /opt/X11/bin
PATH: /Library/Frameworks/Mono.framework/Versions/Current/Commands


## ----------- ##
## Core tests. ##
## ----------- ##

configure:3009: checking for a BSD-compatible install
configure:3077: result: /usr/local/bin/ginstall -c
configure:3088: checking whether build environment is sane
configure:3143: result: yes
configure:3294: checking for a thread-safe mkdir -p
configure:3333: result: /usr/local/bin/gmkdir -p
configure:3340: checking for gawk
configure:3370: result: no
configure:3340: checking for mawk
configure:3370: result: no
configure:3340: checking for nawk
configure:3370: result: no
configure:3340: checking for awk
configure:3356: found /usr/bin/awk
configure:3367: result: awk
configure:3378: checking whether make sets $(MAKE)
configure:3400: result: yes
configure:3429: checking whether make supports nested variables
configure:3446: result: yes
configure:3526: checking whether UID '501' is supported by ustar format
configure:3529: result: yes
configure:3536: checking whether GID '20' is supported by ustar format
configure:3539: result: yes
configure:3547: checking how to create a ustar tar archive
configure:3558: tar --version
bsdtar 2.8.3 - libarchive 2.8.3
configure:3561: $? = 0
configure:3601: tardir=conftest.dir && eval tar --format=ustar -chf - "$tardir" >conftest.tar
configure:3604: $? = 0
configure:3608: tar -xf - <conftest.tar
configure:3611: $? = 0
configure:3613: cat conftest.dir/file
GrepMe
configure:3616: $? = 0
configure:3629: result: gnutar
configure:3690: checking whether make supports nested variables
configure:3707: result: yes
configure:3718: checking for a sed that does not truncate output
configure:3782: result: /usr/bin/sed
configure:3800: checking whether to build with code coverage support
configure:3820: result: no
configure:4171: checking for style of include used by make
configure:4199: result: GNU
configure:4270: checking for gcc
configure:4286: found /usr/bin/gcc
configure:4297: result: gcc
configure:4526: checking for C compiler version
configure:4535: gcc --version >&5
Apple LLVM version 8.0.0 (clang-800.0.42.1)
Target: x86_64-apple-darwin15.6.0
Thread model: posix
InstalledDir: /Applications/Xcode.app/Contents/Developer/Toolchains/XcodeDefault.xctoolchain/usr/bin
Configured with: --prefix=/Applications/Xcode.app/Contents/Developer/usr --with-gxx-include-dir=/usr/include/c++/4.2.1
configure:4546: $? = 0
configure:4535: gcc -v >&5
Configured with: --prefix=/Applications/Xcode.app/Contents/Developer/usr --with-gxx-include-dir=/usr/include/c++/4.2.1
Apple LLVM version 8.0.0 (clang-800.0.42.1)
Target: x86_64-apple-darwin15.6.0
Thread model: posix
InstalledDir: /Applications/Xcode.app/Contents/Developer/Toolchains/XcodeDefault.xctoolchain/usr/bin
configure:4546: $? = 0
configure:4535: gcc -V >&5
clang: error: argument to '-V' is missing (expected 1 value)
clang: error: no input files
configure:4546: $? = 1
configure:4535: gcc -qversion >&5
clang: error: unknown argument: '-qversion'
clang: error: no input files
configure:4546: $? = 1
configure:4566: checking whether the C compiler works
configure:4588: gcc    conftest.c  >&5
configure:4592: $? = 0
configure:4640: result: yes
configure:4643: checking for C compiler default output file name
configure:4645: result: a.out
configure:4651: checking for suffix of executables
configure:4658: gcc -o conftest    conftest.c  >&5
configure:4662: $? = 0
configure:4684: result: 
configure:4706: checking whether we are cross compiling
configure:4714: gcc -o conftest    conftest.c  >&5
configure:4718: $? = 0
configure:4725: ./conftest
configure:4729: $? = 0
configure:4744: result: no
configure:4749: checking for suffix of object files
configure:4771: gcc -c   conftest.c >&5
configure:4775: $? = 0
configure:4796: result: o
configure:4800: checking whether we are using the GNU C compiler
configure:4819: gcc -c   conftest.c >&5
configure:4819: $? = 0
configure:4828: result: yes
configure:4837: checking whether gcc accepts -g
configure:4857: gcc -c -g  conftest.c >&5
configure:4857: $? = 0
configure:4898: result: yes
configure:4915: checking for gcc option to accept ISO C89
configure:4978: gcc  -c -g -O2  conftest.c >&5
configure:4978: $? = 0
configure:4991: result: none needed
configure:5016: checking whether gcc understands -c and -o together
configure:5038: gcc -c conftest.c -o conftest2.o
configure:5041: $? = 0
configure:5038: gcc -c conftest.c -o conftest2.o
configure:5041: $? = 0
configure:5053: result: yes
configure:5072: checking dependency style of gcc
configure:5183: result: gcc3
configure:5248: checking for ar
configure:5264: found /usr/bin/ar
configure:5275: result: ar
configure:5301: checking the archiver (ar) interface
configure:5317: gcc -c -g -O2  conftest.c >&5
configure:5317: $? = 0
configure:5319: ar cru libconftest.a conftest.o >&5
configure:5322: $? = 0
configure:5350: result: ar
configure:5400: checking build system type
configure:5414: result: x86_64-apple-darwin15.6.0
configure:5434: checking host system type
configure:5447: result: x86_64-apple-darwin15.6.0
configure:5488: checking how to print strings
configure:5515: result: printf
configure:5536: checking for a sed that does not truncate output
configure:5600: result: /usr/bin/sed
configure:5618: checking for grep that handles long lines and -e
configure:5676: result: /usr/bin/grep
configure:5681: checking for egrep
configure:5743: result: /usr/bin/grep -E
configure:5748: checking for fgrep
configure:5810: result: /usr/bin/grep -F
configure:5845: checking for ld used by gcc
configure:5912: result: /Applications/Xcode.app/Contents/Developer/Toolchains/XcodeDefault.xctoolchain/usr/bin/ld
configure:5919: checking if the linker (/Applications/Xcode.app/Contents/Developer/Toolchains/XcodeDefault.xctoolchain/usr/bin/ld) is GNU ld
configure:5934: result: no
configure:5946: checking for BSD- or MS-compatible name lister (nm)
configure:6000: result: /usr/bin/nm -B
configure:6130: checking the name lister (/usr/bin/nm -B) interface
configure:6137: gcc -c -g -O2  conftest.c >&5
configure:6140: /usr/bin/nm -B "conftest.o"
configure:6143: output
0000000000000218 S _some_variable
configure:6150: result: BSD nm
configure:6153: checking whether ln -s works
configure:6157: result: yes
configure:6165: checking the maximum length of command line arguments
configure:6296: result: 196608
configure:6344: checking how to convert x86_64-apple-darwin15.6.0 file names to x86_64-apple-darwin15.6.0 format
configure:6384: result: func_convert_file_noop
configure:6391: checking how to convert x86_64-apple-darwin15.6.0 file names to toolchain format
configure:6411: result: func_convert_file_noop
configure:6418: checking for /Applications/Xcode.app/Contents/Developer/Toolchains/XcodeDefault.xctoolchain/usr/bin/ld option to reload object files
configure:6425: result: -r
configure:6499: checking for objdump
configure:6529: result: no
configure:6558: checking how to recognize dependent libraries
configure:6758: result: pass_all
configure:6843: checking for dlltool
configure:6873: result: no
configure:6903: checking how to associate runtime and link libraries
configure:6930: result: printf %s\n
configure:7054: checking for archiver @FILE support
configure:7071: gcc -c -g -O2  conftest.c >&5
configure:7071: $? = 0
configure:7074: ar cru libconftest.a @conftest.lst >&5
ar: @conftest.lst: No such file or directory
configure:7077: $? = 1
configure:7097: result: no
configure:7155: checking for strip
configure:7171: found /usr/bin/strip
configure:7182: result: strip
configure:7254: checking for ranlib
configure:7270: found /usr/bin/ranlib
configure:7281: result: ranlib
configure:7383: checking command to parse /usr/bin/nm -B output from gcc object
configure:7536: gcc -c -g -O2  conftest.c >&5
configure:7539: $? = 0
configure:7543: /usr/bin/nm -B conftest.o \| sed -n -e 's/^.*[ ]\([BCDEGRST][BCDEGRST]*\)[ ][ ]*\([_A-Za-z][_A-Za-z0-9]*\)$/\1 \2 \2/p' | sed '/ __gnu_lto/d' \> conftest.nm
configure:7546: $? = 0
cannot find nm_test_var in conftest.nm
configure:7536: gcc -c -g -O2  conftest.c >&5
configure:7539: $? = 0
configure:7543: /usr/bin/nm -B conftest.o \| sed -n -e 's/^.*[ ]\([BCDEGRST][BCDEGRST]*\)[ ][ ]*_\([_A-Za-z][_A-Za-z0-9]*\)$/\1 _\2 \2/p' | sed '/ __gnu_lto/d' \> conftest.nm
configure:7546: $? = 0
configure:7612: gcc -o conftest -g -O2   conftest.c conftstm.o >&5
warning: (x86_64)  could not find object file symbol for symbol _main
configure:7615: $? = 0
configure:7653: result: ok
configure:7700: checking for sysroot
configure:7730: result: no
configure:7737: checking for a working dd
configure:7775: result: /bin/dd
configure:7779: checking how to truncate binary pipes
configure:7794: result: /bin/dd bs=4096 count=1
configure:8123: checking for mt
configure:8153: result: no
configure:8173: checking if : is a manifest tool
configure:8179: : '-?'
configure:8187: result: no
configure:8243: checking for dsymutil
configure:8259: found /usr/bin/dsymutil
configure:8270: result: dsymutil
configure:8335: checking for nmedit
configure:8351: found /usr/bin/nmedit
configure:8362: result: nmedit
configure:8427: checking for lipo
configure:8443: found /usr/bin/lipo
configure:8454: result: lipo
configure:8519: checking for otool
configure:8535: found /usr/bin/otool
configure:8546: result: otool
configure:8611: checking for otool64
configure:8641: result: no
configure:8686: checking for -single_module linker flag
gcc -g -O2  -o libconftest.dylib -dynamiclib -Wl,-single_module conftest.c
configure:8719: result: yes
configure:8722: checking for -exported_symbols_list linker flag
configure:8742: gcc -o conftest -g -O2   -Wl,-exported_symbols_list,conftest.sym conftest.c  >&5
configure:8742: $? = 0
configure:8752: result: yes
configure:8755: checking for -force_load linker flag
gcc -g -O2 -c -o conftest.o conftest.c
ar cru libconftest.a conftest.o
ranlib libconftest.a
gcc -g -O2  -o conftest conftest.c -Wl,-force_load,./libconftest.a
configure:8787: result: yes
configure:8864: checking how to run the C preprocessor
configure:8895: gcc -E  conftest.c
configure:8895: $? = 0
configure:8909: gcc -E  conftest.c
conftest.c:9:10: fatal error: 'ac_nonexistent.h' file not found
#include <ac_nonexistent.h>
         ^
1 error generated.
configure:8909: $? = 1
configure: failed program was:
| /* confdefs.h */
| #define PACKAGE_NAME "HarfBuzz"
| #define PACKAGE_TARNAME "harfbuzz"
| #define PACKAGE_VERSION "1.8.1"
| #define PACKAGE_STRING "HarfBuzz 1.8.1"
| #define PACKAGE_BUGREPORT "https://github.com/harfbuzz/harfbuzz/issues/new"
| #define PACKAGE_URL "http://harfbuzz.org/"
| /* end confdefs.h.  */
| #include <ac_nonexistent.h>
configure:8934: result: gcc -E
configure:8954: gcc -E  conftest.c
configure:8954: $? = 0
configure:8968: gcc -E  conftest.c
conftest.c:9:10: fatal error: 'ac_nonexistent.h' file not found
#include <ac_nonexistent.h>
         ^
1 error generated.
configure:8968: $? = 1
configure: failed program was:
| /* confdefs.h */
| #define PACKAGE_NAME "HarfBuzz"
| #define PACKAGE_TARNAME "harfbuzz"
| #define PACKAGE_VERSION "1.8.1"
| #define PACKAGE_STRING "HarfBuzz 1.8.1"
| #define PACKAGE_BUGREPORT "https://github.com/harfbuzz/harfbuzz/issues/new"
| #define PACKAGE_URL "http://harfbuzz.org/"
| /* end confdefs.h.  */
| #include <ac_nonexistent.h>
configure:8997: checking for ANSI C header files
configure:9017: gcc -c -g -O2  conftest.c >&5
configure:9017: $? = 0
configure:9090: gcc -o conftest -g -O2   conftest.c  >&5
configure:9090: $? = 0
configure:9090: ./conftest
configure:9090: $? = 0
configure:9101: result: yes
configure:9114: checking for sys/types.h
configure:9114: gcc -c -g -O2  conftest.c >&5
configure:9114: $? = 0
configure:9114: result: yes
configure:9114: checking for sys/stat.h
configure:9114: gcc -c -g -O2  conftest.c >&5
configure:9114: $? = 0
configure:9114: result: yes
configure:9114: checking for stdlib.h
configure:9114: gcc -c -g -O2  conftest.c >&5
configure:9114: $? = 0
configure:9114: result: yes
configure:9114: checking for string.h
configure:9114: gcc -c -g -O2  conftest.c >&5
configure:9114: $? = 0
configure:9114: result: yes
configure:9114: checking for memory.h
configure:9114: gcc -c -g -O2  conftest.c >&5
configure:9114: $? = 0
configure:9114: result: yes
configure:9114: checking for strings.h
configure:9114: gcc -c -g -O2  conftest.c >&5
configure:9114: $? = 0
configure:9114: result: yes
configure:9114: checking for inttypes.h
configure:9114: gcc -c -g -O2  conftest.c >&5
configure:9114: $? = 0
configure:9114: result: yes
configure:9114: checking for stdint.h
configure:9114: gcc -c -g -O2  conftest.c >&5
configure:9114: $? = 0
configure:9114: result: yes
configure:9114: checking for unistd.h
configure:9114: gcc -c -g -O2  conftest.c >&5
configure:9114: $? = 0
configure:9114: result: yes
configure:9128: checking for dlfcn.h
configure:9128: gcc -c -g -O2  conftest.c >&5
configure:9128: $? = 0
configure:9128: result: yes
configure:9383: checking for objdir
configure:9398: result: .libs
configure:9662: checking if gcc supports -fno-rtti -fno-exceptions
configure:9680: gcc -c -g -O2  -fno-rtti -fno-exceptions conftest.c >&5
configure:9684: $? = 0
configure:9697: result: yes
configure:10055: checking for gcc option to produce PIC
configure:10062: result: -fno-common -DPIC
configure:10070: checking if gcc PIC flag -fno-common -DPIC works
configure:10088: gcc -c -g -O2  -fno-common -DPIC -DPIC conftest.c >&5
configure:10092: $? = 0
configure:10105: result: yes
configure:10134: checking if gcc static flag -static works
configure:10162: result: no
configure:10177: checking if gcc supports -c -o file.o
configure:10198: gcc -c -g -O2  -o out/conftest2.o conftest.c >&5
configure:10202: $? = 0
configure:10224: result: yes
configure:10232: checking if gcc supports -c -o file.o
configure:10279: result: yes
configure:10312: checking whether the gcc linker (/Applications/Xcode.app/Contents/Developer/Toolchains/XcodeDefault.xctoolchain/usr/bin/ld) supports shared libraries
configure:11575: result: yes
configure:11815: checking dynamic linker characteristics
configure:12645: result: darwin15.6.0 dyld
configure:12767: checking how to hardcode library paths into programs
configure:12792: result: immediate
configure:13340: checking whether stripping libraries is possible
configure:13354: result: yes
configure:13380: checking if libtool supports shared libraries
configure:13382: result: yes
configure:13385: checking whether to build shared libraries
configure:13410: result: yes
configure:13413: checking whether to build static libraries
configure:13417: result: no
configure:13457: checking minix/config.h usability
configure:13457: gcc -c -g -O2  conftest.c >&5
conftest.c:54:10: fatal error: 'minix/config.h' file not found
#include <minix/config.h>
         ^
1 error generated.
configure:13457: $? = 1
configure: failed program was:
| /* confdefs.h */
| #define PACKAGE_NAME "HarfBuzz"
| #define PACKAGE_TARNAME "harfbuzz"
| #define PACKAGE_VERSION "1.8.1"
| #define PACKAGE_STRING "HarfBuzz 1.8.1"
| #define PACKAGE_BUGREPORT "https://github.com/harfbuzz/harfbuzz/issues/new"
| #define PACKAGE_URL "http://harfbuzz.org/"
| #define STDC_HEADERS 1
| #define HAVE_SYS_TYPES_H 1
| #define HAVE_SYS_STAT_H 1
| #define HAVE_STDLIB_H 1
| #define HAVE_STRING_H 1
| #define HAVE_MEMORY_H 1
| #define HAVE_STRINGS_H 1
| #define HAVE_INTTYPES_H 1
| #define HAVE_STDINT_H 1
| #define HAVE_UNISTD_H 1
| #define HAVE_DLFCN_H 1
| #define LT_OBJDIR ".libs/"
| /* end confdefs.h.  */
| #include <stdio.h>
| #ifdef HAVE_SYS_TYPES_H
| # include <sys/types.h>
| #endif
| #ifdef HAVE_SYS_STAT_H
| # include <sys/stat.h>
| #endif
| #ifdef STDC_HEADERS
| # include <stdlib.h>
| # include <stddef.h>
| #else
| # ifdef HAVE_STDLIB_H
| #  include <stdlib.h>
| # endif
| #endif
| #ifdef HAVE_STRING_H
| # if !defined STDC_HEADERS && defined HAVE_MEMORY_H
| #  include <memory.h>
| # endif
| # include <string.h>
| #endif
| #ifdef HAVE_STRINGS_H
| # include <strings.h>
| #endif
| #ifdef HAVE_INTTYPES_H
| # include <inttypes.h>
| #endif
| #ifdef HAVE_STDINT_H
| # include <stdint.h>
| #endif
| #ifdef HAVE_UNISTD_H
| # include <unistd.h>
| #endif
| #include <minix/config.h>
configure:13457: result: no
configure:13457: checking minix/config.h presence
configure:13457: gcc -E  conftest.c
conftest.c:21:10: fatal error: 'minix/config.h' file not found
#include <minix/config.h>
         ^
1 error generated.
configure:13457: $? = 1
configure: failed program was:
| /* confdefs.h */
| #define PACKAGE_NAME "HarfBuzz"
| #define PACKAGE_TARNAME "harfbuzz"
| #define PACKAGE_VERSION "1.8.1"
| #define PACKAGE_STRING "HarfBuzz 1.8.1"
| #define PACKAGE_BUGREPORT "https://github.com/harfbuzz/harfbuzz/issues/new"
| #define PACKAGE_URL "http://harfbuzz.org/"
| #define STDC_HEADERS 1
| #define HAVE_SYS_TYPES_H 1
| #define HAVE_SYS_STAT_H 1
| #define HAVE_STDLIB_H 1
| #define HAVE_STRING_H 1
| #define HAVE_MEMORY_H 1
| #define HAVE_STRINGS_H 1
| #define HAVE_INTTYPES_H 1
| #define HAVE_STDINT_H 1
| #define HAVE_UNISTD_H 1
| #define HAVE_DLFCN_H 1
| #define LT_OBJDIR ".libs/"
| /* end confdefs.h.  */
| #include <minix/config.h>
configure:13457: result: no
configure:13457: checking for minix/config.h
configure:13457: result: no
configure:13478: checking whether it is safe to define __EXTENSIONS__
configure:13496: gcc -c -g -O2  conftest.c >&5
configure:13496: $? = 0
configure:13503: result: yes
configure:13565: checking for gcc
configure:13592: result: gcc
configure:13821: checking for C compiler version
configure:13830: gcc --version >&5
Apple LLVM version 8.0.0 (clang-800.0.42.1)
Target: x86_64-apple-darwin15.6.0
Thread model: posix
InstalledDir: /Applications/Xcode.app/Contents/Developer/Toolchains/XcodeDefault.xctoolchain/usr/bin
Configured with: --prefix=/Applications/Xcode.app/Contents/Developer/usr --with-gxx-include-dir=/usr/include/c++/4.2.1
configure:13841: $? = 0
configure:13830: gcc -v >&5
Configured with: --prefix=/Applications/Xcode.app/Contents/Developer/usr --with-gxx-include-dir=/usr/include/c++/4.2.1
Apple LLVM version 8.0.0 (clang-800.0.42.1)
Target: x86_64-apple-darwin15.6.0
Thread model: posix
InstalledDir: /Applications/Xcode.app/Contents/Developer/Toolchains/XcodeDefault.xctoolchain/usr/bin
configure:13841: $? = 0
configure:13830: gcc -V >&5
clang: error: argument to '-V' is missing (expected 1 value)
clang: error: no input files
configure:13841: $? = 1
configure:13830: gcc -qversion >&5
clang: error: unknown argument: '-qversion'
clang: error: no input files
configure:13841: $? = 1
configure:13845: checking whether we are using the GNU C compiler
configure:13873: result: yes
configure:13882: checking whether gcc accepts -g
configure:13943: result: yes
configure:13960: checking for gcc option to accept ISO C89
configure:14036: result: none needed
configure:14061: checking whether gcc understands -c and -o together
configure:14098: result: yes
configure:14117: checking dependency style of gcc
configure:14228: result: gcc3
configure:14243: checking for gcc option to accept ISO C99
configure:14392: gcc  -c -g -O2  conftest.c >&5
configure:14392: $? = 0
configure:14405: result: none needed
configure:14479: checking for g++
configure:14495: found /usr/bin/g++
configure:14506: result: g++
configure:14533: checking for C++ compiler version
configure:14542: g++ --version >&5
Apple LLVM version 8.0.0 (clang-800.0.42.1)
Target: x86_64-apple-darwin15.6.0
Thread model: posix
InstalledDir: /Applications/Xcode.app/Contents/Developer/Toolchains/XcodeDefault.xctoolchain/usr/bin
Configured with: --prefix=/Applications/Xcode.app/Contents/Developer/usr --with-gxx-include-dir=/usr/include/c++/4.2.1
configure:14553: $? = 0
configure:14542: g++ -v >&5
Configured with: --prefix=/Applications/Xcode.app/Contents/Developer/usr --with-gxx-include-dir=/usr/include/c++/4.2.1
Apple LLVM version 8.0.0 (clang-800.0.42.1)
Target: x86_64-apple-darwin15.6.0
Thread model: posix
InstalledDir: /Applications/Xcode.app/Contents/Developer/Toolchains/XcodeDefault.xctoolchain/usr/bin
configure:14553: $? = 0
configure:14542: g++ -V >&5
clang: error: argument to '-V' is missing (expected 1 value)
clang: error: no input files
configure:14553: $? = 1
configure:14542: g++ -qversion >&5
clang: error: unknown argument: '-qversion'
clang: error: no input files
configure:14553: $? = 1
configure:14557: checking whether we are using the GNU C++ compiler
configure:14576: g++ -c   conftest.cpp >&5
configure:14576: $? = 0
configure:14585: result: yes
configure:14594: checking whether g++ accepts -g
configure:14614: g++ -c -g  conftest.cpp >&5
configure:14614: $? = 0
configure:14655: result: yes
configure:14680: checking dependency style of g++
configure:14791: result: gcc3
configure:14824: checking how to run the C++ preprocessor
configure:14851: g++ -E  conftest.cpp
configure:14851: $? = 0
configure:14865: g++ -E  conftest.cpp
conftest.cpp:26:10: fatal error: 'ac_nonexistent.h' file not found
#include <ac_nonexistent.h>
         ^
1 error generated.
configure:14865: $? = 1
configure: failed program was:
| /* confdefs.h */
| #define PACKAGE_NAME "HarfBuzz"
| #define PACKAGE_TARNAME "harfbuzz"
| #define PACKAGE_VERSION "1.8.1"
| #define PACKAGE_STRING "HarfBuzz 1.8.1"
| #define PACKAGE_BUGREPORT "https://github.com/harfbuzz/harfbuzz/issues/new"
| #define PACKAGE_URL "http://harfbuzz.org/"
| #define STDC_HEADERS 1
| #define HAVE_SYS_TYPES_H 1
| #define HAVE_SYS_STAT_H 1
| #define HAVE_STDLIB_H 1
| #define HAVE_STRING_H 1
| #define HAVE_MEMORY_H 1
| #define HAVE_STRINGS_H 1
| #define HAVE_INTTYPES_H 1
| #define HAVE_STDINT_H 1
| #define HAVE_UNISTD_H 1
| #define HAVE_DLFCN_H 1
| #define LT_OBJDIR ".libs/"
| #define __EXTENSIONS__ 1
| #define _ALL_SOURCE 1
| #define _GNU_SOURCE 1
| #define _POSIX_PTHREAD_SEMANTICS 1
| #define _TANDEM_SOURCE 1
| /* end confdefs.h.  */
| #include <ac_nonexistent.h>
configure:14890: result: g++ -E
configure:14910: g++ -E  conftest.cpp
configure:14910: $? = 0
configure:14924: g++ -E  conftest.cpp
conftest.cpp:26:10: fatal error: 'ac_nonexistent.h' file not found
#include <ac_nonexistent.h>
         ^
1 error generated.
configure:14924: $? = 1
configure: failed program was:
| /* confdefs.h */
| #define PACKAGE_NAME "HarfBuzz"
| #define PACKAGE_TARNAME "harfbuzz"
| #define PACKAGE_VERSION "1.8.1"
| #define PACKAGE_STRING "HarfBuzz 1.8.1"
| #define PACKAGE_BUGREPORT "https://github.com/harfbuzz/harfbuzz/issues/new"
| #define PACKAGE_URL "http://harfbuzz.org/"
| #define STDC_HEADERS 1
| #define HAVE_SYS_TYPES_H 1
| #define HAVE_SYS_STAT_H 1
| #define HAVE_STDLIB_H 1
| #define HAVE_STRING_H 1
| #define HAVE_MEMORY_H 1
| #define HAVE_STRINGS_H 1
| #define HAVE_INTTYPES_H 1
| #define HAVE_STDINT_H 1
| #define HAVE_UNISTD_H 1
| #define HAVE_DLFCN_H 1
| #define LT_OBJDIR ".libs/"
| #define __EXTENSIONS__ 1
| #define _ALL_SOURCE 1
| #define _GNU_SOURCE 1
| #define _POSIX_PTHREAD_SEMANTICS 1
| #define _TANDEM_SOURCE 1
| /* end confdefs.h.  */
| #include <ac_nonexistent.h>
configure:15086: checking for ld used by g++
configure:15153: result: /Applications/Xcode.app/Contents/Developer/Toolchains/XcodeDefault.xctoolchain/usr/bin/ld
configure:15160: checking if the linker (/Applications/Xcode.app/Contents/Developer/Toolchains/XcodeDefault.xctoolchain/usr/bin/ld) is GNU ld
configure:15175: result: no
configure:15230: checking whether the g++ linker (/Applications/Xcode.app/Contents/Developer/Toolchains/XcodeDefault.xctoolchain/usr/bin/ld) supports shared libraries
configure:16303: result: yes
configure:16339: g++ -c -g -O2  conftest.cpp >&5
configure:16342: $? = 0
configure:16823: checking for g++ option to produce PIC
configure:16830: result: -fno-common -DPIC
configure:16838: checking if g++ PIC flag -fno-common -DPIC works
configure:16856: g++ -c -g -O2  -fno-common -DPIC -DPIC conftest.cpp >&5
configure:16860: $? = 0
configure:16873: result: yes
configure:16896: checking if g++ static flag -static works
configure:16924: result: no
configure:16936: checking if g++ supports -c -o file.o
configure:16957: g++ -c -g -O2  -o out/conftest2.o conftest.cpp >&5
configure:16961: $? = 0
configure:16983: result: yes
configure:16988: checking if g++ supports -c -o file.o
configure:17035: result: yes
configure:17065: checking whether the g++ linker (/Applications/Xcode.app/Contents/Developer/Toolchains/XcodeDefault.xctoolchain/usr/bin/ld) supports shared libraries
configure:17108: result: yes
configure:17249: checking dynamic linker characteristics
configure:18006: result: darwin15.6.0 dyld
configure:18071: checking how to hardcode library paths into programs
configure:18096: result: immediate
configure:18143: checking for special C compiler options needed for large files
configure:18188: result: no
configure:18194: checking for _FILE_OFFSET_BITS value needed for large files
configure:18219: gcc -c -g -O2  conftest.c >&5
configure:18219: $? = 0
configure:18251: result: no
configure:18385: checking for pkg-config
configure:18403: found /usr/local/bin/pkg-config
configure:18415: result: /usr/local/bin/pkg-config
configure:18440: checking pkg-config is at least version 0.20
configure:18443: result: yes
configure:18505: checking for gtk-doc
configure:18508: $PKG_CONFIG --exists --print-errors "$gtk_doc_requires"
Package gtk-doc was not found in the pkg-config search path.
Perhaps you should add the directory containing `gtk-doc.pc'
to the PKG_CONFIG_PATH environment variable
No package 'gtk-doc' found
configure:18511: $? = 1
configure:18517: result: no
configure:18523: WARNING:
  You will not be able to create source packages with 'make dist'
  because gtk-doc >= 1.15 is not found.
configure:18531: checking for gtkdoc-check
configure:18561: result: no
configure:18568: checking for gtkdoc-check
configure:18601: result: no
configure:18610: checking for gtkdoc-rebase
configure:18643: result: no
configure:18654: checking for gtkdoc-mkpdf
configure:18687: result: no
configure:18712: checking whether to build gtk-doc documentation
configure:18714: result: no
configure:18727: checking for GTKDOC_DEPS
configure:18735: $PKG_CONFIG --exists --print-errors "glib-2.0 >= 2.10.0 gobject-2.0  >= 2.10.0"
configure:18738: $? = 0
configure:18753: $PKG_CONFIG --exists --print-errors "glib-2.0 >= 2.10.0 gobject-2.0  >= 2.10.0"
configure:18756: $? = 0
configure:18792: result: yes
configure:18880: checking for atexit
configure:18880: gcc -o conftest -g -O2   conftest.c  >&5
configure:18880: $? = 0
configure:18880: result: yes
configure:18880: checking for mprotect
configure:18880: gcc -o conftest -g -O2   conftest.c  >&5
configure:18880: $? = 0
configure:18880: result: yes
configure:18880: checking for sysconf
configure:18880: gcc -o conftest -g -O2   conftest.c  >&5
configure:18880: $? = 0
configure:18880: result: yes
configure:18880: checking for getpagesize
configure:18880: gcc -o conftest -g -O2   conftest.c  >&5
configure:18880: $? = 0
configure:18880: result: yes
configure:18880: checking for mmap
configure:18880: gcc -o conftest -g -O2   conftest.c  >&5
configure:18880: $? = 0
configure:18880: result: yes
configure:18880: checking for isatty
configure:18880: gcc -o conftest -g -O2   conftest.c  >&5
configure:18880: $? = 0
configure:18880: result: yes
configure:18880: checking for newlocale
configure:18880: gcc -o conftest -g -O2   conftest.c  >&5
configure:18880: $? = 0
configure:18880: result: yes
configure:18880: checking for strtod_l
configure:18880: gcc -o conftest -g -O2   conftest.c  >&5
configure:18880: $? = 0
configure:18880: result: yes
configure:18894: checking for round
configure:18894: gcc -o conftest -g -O2   conftest.c  -lm >&5
conftest.c:57:6: warning: incompatible redeclaration of library function 'round' [-Wincompatible-library-redeclaration]
char round ();
     ^
conftest.c:57:6: note: 'round' is a builtin with type 'double (double)'
1 warning generated.
configure:18894: $? = 0
configure:18894: result: yes
configure:18921: checking for unistd.h
configure:18921: result: yes
configure:18921: checking sys/mman.h usability
configure:18921: gcc -c -g -O2  conftest.c >&5
configure:18921: $? = 0
configure:18921: result: yes
configure:18921: checking sys/mman.h presence
configure:18921: gcc -E  conftest.c
configure:18921: $? = 0
configure:18921: result: yes
configure:18921: checking for sys/mman.h
configure:18921: result: yes
configure:18921: checking xlocale.h usability
configure:18921: gcc -c -g -O2  conftest.c >&5
configure:18921: $? = 0
configure:18921: result: yes
configure:18921: checking xlocale.h presence
configure:18921: gcc -E  conftest.c
configure:18921: $? = 0
configure:18921: result: yes
configure:18921: checking for xlocale.h
configure:18921: result: yes
configure:18921: checking stdbool.h usability
configure:18921: gcc -c -g -O2  conftest.c >&5
configure:18921: $? = 0
configure:18921: result: yes
configure:18921: checking stdbool.h presence
configure:18921: gcc -E  conftest.c
configure:18921: $? = 0
configure:18921: result: yes
configure:18921: checking for stdbool.h
configure:18921: result: yes
configure:18936: checking alignment of struct{char;}
configure:18941: gcc -o conftest -g -O2   conftest.c  >&5
conftest.c:75:33: warning: declaration does not declare anything [-Wmissing-declarations]
typedef struct { char x; struct{char;} y; } ac__type_alignof_;
                                ^~~~
1 warning generated.
configure:18941: $? = 0
configure:18941: ./conftest
configure:18941: $? = 0
configure:18959: result: 1
configure:18972: checking whether the linker accepts -Bsymbolic-functions
configure:18991: gcc -o conftest -g -O2    -Bsymbolic-functions conftest.c  >&5
configure:18991: $? = 0
configure:19000: result: yes
configure:19049: checking for native Win32
configure:19056: result: no
configure:19252: checking whether gcc is Clang
configure:19277: result: yes
configure:19324: checking whether Clang needs flag to prevent "argument unused" warning when linking with -pthread
configure:19349: gcc -o conftest -Werror -Wunknown-warning-option  -pthread -g -O2   -Bsymbolic-functions conftest.c  >&5
configure:19349: $? = 0
configure:19355: (gcc -c -Werror -Wunknown-warning-option  -pthread -g -O2  conftest.c >&5) && (echo ==== >&5) && (gcc -o conftest -Werror -Wunknown-warning-option  -pthread -g -O2   -Bsymbolic-functions conftest.o  >&5)
====
clang: error: argument unused during compilation: '-pthread'
configure:19355: $? = 1
configure: failed program was:
| /* confdefs.h */
| #define PACKAGE_NAME "HarfBuzz"
| #define PACKAGE_TARNAME "harfbuzz"
| #define PACKAGE_VERSION "1.8.1"
| #define PACKAGE_STRING "HarfBuzz 1.8.1"
| #define PACKAGE_BUGREPORT "https://github.com/harfbuzz/harfbuzz/issues/new"
| #define PACKAGE_URL "http://harfbuzz.org/"
| #define STDC_HEADERS 1
| #define HAVE_SYS_TYPES_H 1
| #define HAVE_SYS_STAT_H 1
| #define HAVE_STDLIB_H 1
| #define HAVE_STRING_H 1
| #define HAVE_MEMORY_H 1
| #define HAVE_STRINGS_H 1
| #define HAVE_INTTYPES_H 1
| #define HAVE_STDINT_H 1
| #define HAVE_UNISTD_H 1
| #define HAVE_DLFCN_H 1
| #define LT_OBJDIR ".libs/"
| #define __EXTENSIONS__ 1
| #define _ALL_SOURCE 1
| #define _GNU_SOURCE 1
| #define _POSIX_PTHREAD_SEMANTICS 1
| #define _TANDEM_SOURCE 1
| #define HAVE_ATEXIT 1
| #define HAVE_MPROTECT 1
| #define HAVE_SYSCONF 1
| #define HAVE_GETPAGESIZE 1
| #define HAVE_MMAP 1
| #define HAVE_ISATTY 1
| #define HAVE_NEWLOCALE 1
| #define HAVE_STRTOD_L 1
| #define HAVE_ROUND 1
| #define HAVE_UNISTD_H 1
| #define HAVE_SYS_MMAN_H 1
| #define HAVE_XLOCALE_H 1
| #define HAVE_STDBOOL_H 1
| #define ALIGNOF_STRUCT_CHAR__ 1
| /* end confdefs.h.  */
| int main(void){return 0;}
configure:19349: gcc -o conftest -Werror -Wunknown-warning-option -Qunused-arguments -pthread -g -O2   -Bsymbolic-functions conftest.c  >&5
configure:19349: $? = 0
configure:19355: (gcc -c -Werror -Wunknown-warning-option -Qunused-arguments -pthread -g -O2  conftest.c >&5) && (echo ==== >&5) && (gcc -o conftest -Werror -Wunknown-warning-option -Qunused-arguments -pthread -g -O2   -Bsymbolic-functions conftest.o  >&5)
====
configure:19355: $? = 0
configure:19373: result: -Qunused-arguments
configure:19522: checking for joinable pthread attribute
configure:19540: gcc -o conftest -g -O2 -Qunused-arguments -pthread   -Bsymbolic-functions conftest.c   >&5
configure:19540: $? = 0
configure:19548: result: PTHREAD_CREATE_JOINABLE
configure:19562: checking whether more special flags are required for pthreads
configure:19575: result: no
configure:19583: checking for PTHREAD_PRIO_INHERIT
configure:19599: gcc -o conftest -g -O2 -Qunused-arguments -pthread   -Bsymbolic-functions conftest.c   >&5
configure:19599: $? = 0
configure:19608: result: yes
configure:19769: checking for GLIB
configure:19777: $PKG_CONFIG --exists --print-errors "$GLIB_DEPS"
configure:19780: $? = 0
configure:19795: $PKG_CONFIG --exists --print-errors "$GLIB_DEPS"
configure:19798: $? = 0
configure:19834: result: yes
configure:20087: checking for CAIRO
configure:20095: $PKG_CONFIG --exists --print-errors "cairo >= 1.8.0"
configure:20098: $? = 0
configure:20113: $PKG_CONFIG --exists --print-errors "cairo >= 1.8.0"
configure:20116: $? = 0
configure:20152: result: yes
configure:20178: checking for CAIRO_FT
configure:20186: $PKG_CONFIG --exists --print-errors "cairo-ft"
configure:20189: $? = 0
configure:20204: $PKG_CONFIG --exists --print-errors "cairo-ft"
configure:20207: $? = 0
configure:20243: result: yes
configure:20275: checking for FONTCONFIG
configure:20283: $PKG_CONFIG --exists --print-errors "fontconfig"
configure:20286: $? = 0
configure:20301: $PKG_CONFIG --exists --print-errors "fontconfig"
configure:20304: $? = 0
configure:20340: result: yes
configure:20375: checking for ICU
configure:20383: $PKG_CONFIG --exists --print-errors "icu-uc"
Package icu-uc was not found in the pkg-config search path.
Perhaps you should add the directory containing `icu-uc.pc'
to the PKG_CONFIG_PATH environment variable
No package 'icu-uc' found
configure:20386: $? = 1
configure:20401: $PKG_CONFIG --exists --print-errors "icu-uc"
Package icu-uc was not found in the pkg-config search path.
Perhaps you should add the directory containing `icu-uc.pc'
to the PKG_CONFIG_PATH environment variable
No package 'icu-uc' found
configure:20404: $? = 1
No package 'icu-uc' found
configure:20432: result: no
configure:20489: checking for icu-config
configure:20519: result: no
configure:20538: checking for ICU by using icu-config fallback
configure:20552: result: no
configure:20751: checking for FREETYPE
configure:20759: $PKG_CONFIG --exists --print-errors "$FREETYPE_DEPS"
configure:20762: $? = 0
configure:20777: $PKG_CONFIG --exists --print-errors "$FREETYPE_DEPS"
configure:20780: $? = 0
configure:20816: result: yes
configure:20833: checking for FT_Get_Var_Blend_Coordinates
configure:20833: gcc -o conftest -g -O2   -Bsymbolic-functions conftest.c  -L/usr/local/opt/freetype/lib -lfreetype >&5
configure:20833: $? = 0
configure:20833: result: yes
configure:20833: checking for FT_Set_Var_Blend_Coordinates
configure:20833: gcc -o conftest -g -O2   -Bsymbolic-functions conftest.c  -L/usr/local/opt/freetype/lib -lfreetype >&5
configure:20833: $? = 0
configure:20833: result: yes
configure:20833: checking for FT_Done_MM_Var
configure:20833: gcc -o conftest -g -O2   -Bsymbolic-functions conftest.c  -L/usr/local/opt/freetype/lib -lfreetype >&5
configure:20833: $? = 0
configure:20833: result: yes
configure:21018: checking for Intel atomic primitives
configure:21041: gcc -o conftest -g -O2   -Bsymbolic-functions conftest.c  >&5
configure:21041: $? = 0
configure:21049: result: true
configure:21058: checking for Solaris atomic operations
configure:21083: gcc -o conftest -g -O2   -Bsymbolic-functions conftest.c  >&5
conftest.c:55:12: fatal error: 'atomic.h' file not found
                #include <atomic.h>
                         ^
1 error generated.
configure:21083: $? = 1
configure: failed program was:
| /* confdefs.h */
| #define PACKAGE_NAME "HarfBuzz"
| #define PACKAGE_TARNAME "harfbuzz"
| #define PACKAGE_VERSION "1.8.1"
| #define PACKAGE_STRING "HarfBuzz 1.8.1"
| #define PACKAGE_BUGREPORT "https://github.com/harfbuzz/harfbuzz/issues/new"
| #define PACKAGE_URL "http://harfbuzz.org/"
| #define STDC_HEADERS 1
| #define HAVE_SYS_TYPES_H 1
| #define HAVE_SYS_STAT_H 1
| #define HAVE_STDLIB_H 1
| #define HAVE_STRING_H 1
| #define HAVE_MEMORY_H 1
| #define HAVE_STRINGS_H 1
| #define HAVE_INTTYPES_H 1
| #define HAVE_STDINT_H 1
| #define HAVE_UNISTD_H 1
| #define HAVE_DLFCN_H 1
| #define LT_OBJDIR ".libs/"
| #define __EXTENSIONS__ 1
| #define _ALL_SOURCE 1
| #define _GNU_SOURCE 1
| #define _POSIX_PTHREAD_SEMANTICS 1
| #define _TANDEM_SOURCE 1
| #define HAVE_ATEXIT 1
| #define HAVE_MPROTECT 1
| #define HAVE_SYSCONF 1
| #define HAVE_GETPAGESIZE 1
| #define HAVE_MMAP 1
| #define HAVE_ISATTY 1
| #define HAVE_NEWLOCALE 1
| #define HAVE_STRTOD_L 1
| #define HAVE_ROUND 1
| #define HAVE_UNISTD_H 1
| #define HAVE_SYS_MMAN_H 1
| #define HAVE_XLOCALE_H 1
| #define HAVE_STDBOOL_H 1
| #define ALIGNOF_STRUCT_CHAR__ 1
| #define HAVE_PTHREAD_PRIO_INHERIT 1
| #define HAVE_PTHREAD 1
| #define HAVE_OT 1
| #define HAVE_FALLBACK 1
| #define HAVE_GLIB 1
| #define HAVE_CAIRO 1
| #define HAVE_CAIRO_FT 1
| #define HAVE_FONTCONFIG 1
| #define HAVE_UCDN 1
| #define HAVE_FREETYPE 1
| #define HAVE_FT_GET_VAR_BLEND_COORDINATES 1
| #define HAVE_FT_SET_VAR_BLEND_COORDINATES 1
| #define HAVE_FT_DONE_MM_VAR 1
| #define HAVE_INTEL_ATOMIC_PRIMITIVES 1
| /* end confdefs.h.  */
| 
| 		#include <atomic.h>
| 		/* This requires Solaris Studio 12.2 or newer: */
| 		#include <mbarrier.h>
| 		void memory_barrier (void) { __machine_rw_barrier (); }
| 		int atomic_add (volatile unsigned *i) { return atomic_add_int_nv (i, 1); }
| 		void *atomic_ptr_cmpxchg (volatile void **target, void *cmp, void *newval) { return atomic_cas_ptr (target, cmp, newval); }
| 
| int
| main ()
| {
| 
|   ;
|   return 0;
| }
configure:21091: result: false
configure:21285: checking that generated files are newer than configure
configure:21291: result: done
configure:21434: creating ./config.status

## ---------------------- ##
## Running config.status. ##
## ---------------------- ##

This file was extended by HarfBuzz config.status 1.8.1, which was
generated by GNU Autoconf 2.69.  Invocation command line was

  CONFIG_FILES    = 
  CONFIG_HEADERS  = 
  CONFIG_LINKS    = 
  CONFIG_COMMANDS = 
  $ ./config.status 

on Darkyen.local

config.status:1414: creating Makefile
config.status:1414: creating src/Makefile
config.status:1414: creating src/harfbuzz-config.cmake
config.status:1414: creating src/hb-ucdn/Makefile
config.status:1414: creating util/Makefile
config.status:1414: creating test/Makefile
config.status:1414: creating test/api/Makefile
config.status:1414: creating test/fuzzing/Makefile
config.status:1414: creating test/shaping/Makefile
config.status:1414: creating test/shaping/data/Makefile
config.status:1414: creating test/shaping/data/in-house/Makefile
config.status:1414: creating test/shaping/data/text-rendering-tests/Makefile
config.status:1414: creating test/subset/Makefile
config.status:1414: creating test/subset/data/Makefile
config.status:1414: creating docs/Makefile
config.status:1414: creating docs/version.xml
config.status:1414: creating config.h
config.status:1643: executing depfiles commands
config.status:1643: executing libtool commands
configure:23886:

Build configuration:

Unicode callbacks (you want at least one):
	Builtin (UCDN):		true
	Glib:			true
	ICU:			false

Font callbacks (the more the merrier):
	FreeType:		true

Tools used for command-line utilities:
	Cairo:			true
	Fontconfig:		true

Additional shapers (the more the merrier):
	Graphite2:		false

Platform shapers (not normally needed):
	CoreText:		false
	DirectWrite:		false
	Uniscribe:		false

Other features:
	Documentation:		no
	GObject bindings:	false
	Introspection:		false


## ---------------- ##
## Cache variables. ##
## ---------------- ##

ac_cv_alignof_struct_char__=1
ac_cv_build=x86_64-apple-darwin15.6.0
ac_cv_c_compiler_gnu=yes
ac_cv_cxx_compiler_gnu=yes
ac_cv_env_CAIRO_CFLAGS_set=
ac_cv_env_CAIRO_CFLAGS_value=
ac_cv_env_CAIRO_FT_CFLAGS_set=
ac_cv_env_CAIRO_FT_CFLAGS_value=
ac_cv_env_CAIRO_FT_LIBS_set=
ac_cv_env_CAIRO_FT_LIBS_value=
ac_cv_env_CAIRO_LIBS_set=
ac_cv_env_CAIRO_LIBS_value=
ac_cv_env_CCC_set=
ac_cv_env_CCC_value=
ac_cv_env_CC_set=
ac_cv_env_CC_value=
ac_cv_env_CFLAGS_set=
ac_cv_env_CFLAGS_value=
ac_cv_env_CPPFLAGS_set=
ac_cv_env_CPPFLAGS_value=
ac_cv_env_CPP_set=
ac_cv_env_CPP_value=
ac_cv_env_CXXCPP_set=
ac_cv_env_CXXCPP_value=
ac_cv_env_CXXFLAGS_set=
ac_cv_env_CXXFLAGS_value=
ac_cv_env_CXX_set=
ac_cv_env_CXX_value=
ac_cv_env_FONTCONFIG_CFLAGS_set=
ac_cv_env_FONTCONFIG_CFLAGS_value=
ac_cv_env_FONTCONFIG_LIBS_set=
ac_cv_env_FONTCONFIG_LIBS_value=
ac_cv_env_FREETYPE_CFLAGS_set=
ac_cv_env_FREETYPE_CFLAGS_value=
ac_cv_env_FREETYPE_LIBS_set=
ac_cv_env_FREETYPE_LIBS_value=
ac_cv_env_GLIB_CFLAGS_set=
ac_cv_env_GLIB_CFLAGS_value=
ac_cv_env_GLIB_LIBS_set=
ac_cv_env_GLIB_LIBS_value=
ac_cv_env_GOBJECT_CFLAGS_set=
ac_cv_env_GOBJECT_CFLAGS_value=
ac_cv_env_GOBJECT_LIBS_set=
ac_cv_env_GOBJECT_LIBS_value=
ac_cv_env_GRAPHITE2_CFLAGS_set=
ac_cv_env_GRAPHITE2_CFLAGS_value=
ac_cv_env_GRAPHITE2_LIBS_set=
ac_cv_env_GRAPHITE2_LIBS_value=
ac_cv_env_GTKDOC_DEPS_CFLAGS_set=
ac_cv_env_GTKDOC_DEPS_CFLAGS_value=
ac_cv_env_GTKDOC_DEPS_LIBS_set=
ac_cv_env_GTKDOC_DEPS_LIBS_value=
ac_cv_env_ICU_CFLAGS_set=
ac_cv_env_ICU_CFLAGS_value=
ac_cv_env_ICU_LIBS_set=
ac_cv_env_ICU_LIBS_value=
ac_cv_env_LDFLAGS_set=
ac_cv_env_LDFLAGS_value=
ac_cv_env_LIBS_set=
ac_cv_env_LIBS_value=
ac_cv_env_LT_SYS_LIBRARY_PATH_set=
ac_cv_env_LT_SYS_LIBRARY_PATH_value=
ac_cv_env_PKG_CONFIG_set=
ac_cv_env_PKG_CONFIG_value=
ac_cv_env_build_alias_set=
ac_cv_env_build_alias_value=
ac_cv_env_host_alias_set=
ac_cv_env_host_alias_value=
ac_cv_env_target_alias_set=
ac_cv_env_target_alias_value=
ac_cv_func_FT_Done_MM_Var=yes
ac_cv_func_FT_Get_Var_Blend_Coordinates=yes
ac_cv_func_FT_Set_Var_Blend_Coordinates=yes
ac_cv_func_atexit=yes
ac_cv_func_getpagesize=yes
ac_cv_func_isatty=yes
ac_cv_func_mmap=yes
ac_cv_func_mprotect=yes
ac_cv_func_newlocale=yes
ac_cv_func_round=yes
ac_cv_func_strtod_l=yes
ac_cv_func_sysconf=yes
ac_cv_header_dlfcn_h=yes
ac_cv_header_inttypes_h=yes
ac_cv_header_memory_h=yes
ac_cv_header_minix_config_h=no
ac_cv_header_stdbool_h=yes
ac_cv_header_stdc=yes
ac_cv_header_stdint_h=yes
ac_cv_header_stdlib_h=yes
ac_cv_header_string_h=yes
ac_cv_header_strings_h=yes
ac_cv_header_sys_mman_h=yes
ac_cv_header_sys_stat_h=yes
ac_cv_header_sys_types_h=yes
ac_cv_header_unistd_h=yes
ac_cv_header_xlocale_h=yes
ac_cv_host=x86_64-apple-darwin15.6.0
ac_cv_objext=o
ac_cv_path_EGREP='/usr/bin/grep -E'
ac_cv_path_FGREP='/usr/bin/grep -F'
ac_cv_path_GREP=/usr/bin/grep
ac_cv_path_SED=/usr/bin/sed
ac_cv_path_ac_pt_PKG_CONFIG=/usr/local/bin/pkg-config
ac_cv_path_install='/usr/local/bin/ginstall -c'
ac_cv_path_lt_DD=/bin/dd
ac_cv_path_mkdir=/usr/local/bin/gmkdir
ac_cv_prog_AWK=awk
ac_cv_prog_CPP='gcc -E'
ac_cv_prog_CXXCPP='g++ -E'
ac_cv_prog_ac_ct_AR=ar
ac_cv_prog_ac_ct_CC=gcc
ac_cv_prog_ac_ct_CXX=g++
ac_cv_prog_ac_ct_DSYMUTIL=dsymutil
ac_cv_prog_ac_ct_LIPO=lipo
ac_cv_prog_ac_ct_NMEDIT=nmedit
ac_cv_prog_ac_ct_OTOOL=otool
ac_cv_prog_ac_ct_RANLIB=ranlib
ac_cv_prog_ac_ct_STRIP=strip
ac_cv_prog_cc_c89=
ac_cv_prog_cc_c99=
ac_cv_prog_cc_g=yes
ac_cv_prog_cxx_g=yes
ac_cv_prog_make_make_set=yes
ac_cv_safe_to_define___extensions__=yes
ac_cv_sys_file_offset_bits=no
ac_cv_sys_largefile_CC=no
am_cv_CC_dependencies_compiler_type=gcc3
am_cv_CXX_dependencies_compiler_type=gcc3
am_cv_ar_interface=ar
am_cv_make_support_nested_variables=yes
am_cv_prog_cc_c_o=yes
am_cv_prog_tar_ustar=gnutar
ax_cv_PTHREAD_CLANG=yes
ax_cv_PTHREAD_CLANG_NO_WARN_FLAG=-Qunused-arguments
ax_cv_PTHREAD_JOINABLE_ATTR=PTHREAD_CREATE_JOINABLE
ax_cv_PTHREAD_PRIO_INHERIT=yes
ax_cv_PTHREAD_SPECIAL_FLAGS=no
ax_cv_check_ldflags___Bsymbolic_functions=yes
hb_cv_have_intel_atomic_primitives=true
hb_cv_have_solaris_atomic_ops=false
lt_cv_apple_cc_single_mod=yes
lt_cv_ar_at_file=no
lt_cv_deplibs_check_method=pass_all
lt_cv_file_magic_cmd='$MAGIC_CMD'
lt_cv_file_magic_test_file=
lt_cv_ld_exported_symbols_list=yes
lt_cv_ld_force_load=yes
lt_cv_ld_reload_flag=-r
lt_cv_nm_interface='BSD nm'
lt_cv_objdir=.libs
lt_cv_path_LD=/Applications/Xcode.app/Contents/Developer/Toolchains/XcodeDefault.xctoolchain/usr/bin/ld
lt_cv_path_LDCXX=/Applications/Xcode.app/Contents/Developer/Toolchains/XcodeDefault.xctoolchain/usr/bin/ld
lt_cv_path_NM='/usr/bin/nm -B'
lt_cv_path_mainfest_tool=no
lt_cv_prog_compiler_c_o=yes
lt_cv_prog_compiler_c_o_CXX=yes
lt_cv_prog_compiler_pic='-fno-common -DPIC'
lt_cv_prog_compiler_pic_CXX='-fno-common -DPIC'
lt_cv_prog_compiler_pic_works=yes
lt_cv_prog_compiler_pic_works_CXX=yes
lt_cv_prog_compiler_rtti_exceptions=yes
lt_cv_prog_compiler_static_works=no
lt_cv_prog_compiler_static_works_CXX=no
lt_cv_prog_gnu_ld=no
lt_cv_prog_gnu_ldcxx=no
lt_cv_sharedlib_from_linklib_cmd='printf %s\n'
lt_cv_sys_global_symbol_pipe='sed -n -e '\''s/^.*[	 ]\([BCDEGRST][BCDEGRST]*\)[	 ][	 ]*_\([_A-Za-z][_A-Za-z0-9]*\)$/\1 _\2 \2/p'\'' | sed '\''/ __gnu_lto/d'\'''
lt_cv_sys_global_symbol_to_c_name_address='sed -n -e '\''s/^: \(.*\) .*$/  {"\1", (void *) 0},/p'\'' -e '\''s/^[BCDEGRST][BCDEGRST]* .* \(.*\)$/  {"\1", (void *) \&\1},/p'\'''
lt_cv_sys_global_symbol_to_c_name_address_lib_prefix='sed -n -e '\''s/^: \(.*\) .*$/  {"\1", (void *) 0},/p'\'' -e '\''s/^[BCDEGRST][BCDEGRST]* .* \(lib.*\)$/  {"\1", (void *) \&\1},/p'\'' -e '\''s/^[BCDEGRST][BCDEGRST]* .* \(.*\)$/  {"lib\1", (void *) \&\1},/p'\'''
lt_cv_sys_global_symbol_to_cdecl='sed -n -e '\''s/^T .* \(.*\)$/extern int \1();/p'\'' -e '\''s/^[BCDEGRST][BCDEGRST]* .* \(.*\)$/extern char \1;/p'\'''
lt_cv_sys_global_symbol_to_import=
lt_cv_sys_max_cmd_len=196608
lt_cv_to_host_file_cmd=func_convert_file_noop
lt_cv_to_tool_file_cmd=func_convert_file_noop
lt_cv_truncate_bin='/bin/dd bs=4096 count=1'
pkg_cv_CAIRO_CFLAGS='-I/usr/local/Cellar/cairo/1.14.12/include/cairo -I/usr/local/Cellar/glib/2.56.1/include/glib-2.0 -I/usr/local/Cellar/glib/2.56.1/lib/glib-2.0/include -I/usr/local/opt/gettext/include -I/usr/local/Cellar/pcre/8.42/include -I/usr/local/Cellar/pixman/0.34.0_1/include/pixman-1 -I/usr/local/Cellar/fontconfig/2.13.0/include -I/usr/local/opt/freetype/include/freetype2 -I/usr/local/Cellar/libpng/1.6.34/include/libpng16'
pkg_cv_CAIRO_FT_CFLAGS='-I/usr/local/Cellar/cairo/1.14.12/include/cairo -I/usr/local/Cellar/glib/2.56.1/include/glib-2.0 -I/usr/local/Cellar/glib/2.56.1/lib/glib-2.0/include -I/usr/local/opt/gettext/include -I/usr/local/Cellar/pcre/8.42/include -I/usr/local/Cellar/pixman/0.34.0_1/include/pixman-1 -I/usr/local/Cellar/fontconfig/2.13.0/include -I/usr/local/Cellar/libpng/1.6.34/include/libpng16 -I/usr/local/opt/freetype/include/freetype2'
pkg_cv_CAIRO_FT_LIBS='-L/usr/local/Cellar/cairo/1.14.12/lib -L/usr/local/opt/freetype/lib -lcairo -lfreetype'
pkg_cv_CAIRO_LIBS='-L/usr/local/Cellar/cairo/1.14.12/lib -lcairo'
pkg_cv_FONTCONFIG_CFLAGS='-I/usr/local/Cellar/fontconfig/2.13.0/include -I/usr/local/opt/freetype/include/freetype2'
pkg_cv_FONTCONFIG_LIBS='-L/usr/local/Cellar/fontconfig/2.13.0/lib -L/usr/local/opt/freetype/lib -lfontconfig -lfreetype'
pkg_cv_FREETYPE_CFLAGS=-I/usr/local/opt/freetype/include/freetype2
pkg_cv_FREETYPE_LIBS='-L/usr/local/opt/freetype/lib -lfreetype'
pkg_cv_GLIB_CFLAGS='-I/usr/local/Cellar/glib/2.56.1/include/glib-2.0 -I/usr/local/Cellar/glib/2.56.1/lib/glib-2.0/include -I/usr/local/opt/gettext/include -I/usr/local/Cellar/pcre/8.42/include'
pkg_cv_GLIB_LIBS='-L/usr/local/Cellar/glib/2.56.1/lib -L/usr/local/opt/gettext/lib -lglib-2.0 -lintl -Wl,-framework -Wl,CoreFoundation'
pkg_cv_GTKDOC_DEPS_CFLAGS='-I/usr/local/Cellar/glib/2.56.1/include/glib-2.0 -I/usr/local/Cellar/glib/2.56.1/lib/glib-2.0/include -I/usr/local/opt/gettext/include -I/usr/local/Cellar/pcre/8.42/include'
pkg_cv_GTKDOC_DEPS_LIBS='-L/usr/local/Cellar/glib/2.56.1/lib -L/usr/local/opt/gettext/lib -lgobject-2.0 -lglib-2.0 -lintl -Wl,-framework -Wl,CoreFoundation'

## ----------------- ##
## Output variables. ##
## ----------------- ##














	@echo "Need to reconfigure with --enable-code-coverage"
	@echo "Need to reconfigure with --enable-code-coverage"
 $(CODE_COVERAGE_IGNORE_PATTERN);
 $(CODE_COVERAGE_OUTPUT_FILE);
#
#
#    $(PACKAGE_NAME)-$(PACKAGE_VERSION)-coverage)
#    $(PACKAGE_NAME)-$(PACKAGE_VERSION)-coverage.info)
#    (Default: $(top_builddir))
#    (Default: empty)
#    Multiple directories may be specified, separated by whitespace.
#    by lcov for code coverage. (Default:
#    collecting lcov instance. (Default: $CODE_COVERAGE_LCOV_OPTIONS_GCOVPATH)
#    genhtml instance. (Default: based on $CODE_COVERAGE_BRANCH_COVERAGE)
#    instance. (Default: $CODE_COVERAGE_GENHTML_OPTIONS_DEFAULT)
#    instance. (Default: $CODE_COVERAGE_LCOV_OPTIONS_DEFAULT)
#    instance. (Default: $CODE_COVERAGE_LCOV_RMOPTS_DEFAULT)
#    instances. (Default: $CODE_COVERAGE_LCOV_SHOPTS_DEFAULT)
#    instances. (Default: based on $CODE_COVERAGE_BRANCH_COVERAGE)
#    lcov instance. (Default: empty)
#    reports to be created. (Default:
#    set to 0 to disable it and leave empty to stay with the default.
#  - CODE_COVERAGE_BRANCH_COVERAGE: Set to 1 to enforce branch coverage,
#  - CODE_COVERAGE_DIRECTORY: Top-level directory for code coverage reporting.
#  - CODE_COVERAGE_GENHTML_OPTIONS: Extra options to pass to the genhtml
#  - CODE_COVERAGE_GENHTML_OPTIONS_DEFAULT: Extra options to pass to the
#  - CODE_COVERAGE_IGNORE_PATTERN: Extra glob pattern of files to ignore
#  - CODE_COVERAGE_LCOV_OPTIONS: Extra options to pass to the collecting lcov
#  - CODE_COVERAGE_LCOV_OPTIONS_DEFAULT: Extra options to pass to the
#  - CODE_COVERAGE_LCOV_OPTIONS_GCOVPATH: --gcov-tool pathtogcov
#  - CODE_COVERAGE_LCOV_RMOPTS: Extra options to pass to the filtering lcov
#  - CODE_COVERAGE_LCOV_RMOPTS_DEFAULT: Extra options to pass to the filtering
#  - CODE_COVERAGE_LCOV_SHOPTS: Extra options to shared between both lcov
#  - CODE_COVERAGE_LCOV_SHOPTS_DEFAULT: Extra options shared between both lcov
#  - CODE_COVERAGE_OUTPUT_DIRECTORY: Directory for generated code coverage
#  - CODE_COVERAGE_OUTPUT_FILE: Filename and path for the .info file generated
# $(PACKAGE_VERSION). In order to add the current git hash to the title,
# Capture code coverage data
# Code coverage
# Hook rule executed before code-coverage-capture, overridable by the user
# Optional variables
# Optional:
# The generated report will be titled using the $(PACKAGE_NAME) and
# Use recursive makes in order to ignore errors during check
# sanitizes the test-name: replaces with underscores: dashes and dots
# use the git-version-gen script, available online.
$(if $(CODE_COVERAGE_BRANCH_COVERAGE),\
'
--rc genhtml_branch_coverage=$(CODE_COVERAGE_BRANCH_COVERAGE))
--rc lcov_branch_coverage=$(CODE_COVERAGE_BRANCH_COVERAGE))
.PHONY: check-code-coverage code-coverage-capture code-coverage-capture-hook code-coverage-clean
ACLOCAL='${SHELL} /Users/Darkyen/IntelliJProjects/libgdxExperimentation/harfbuzz-1.8.1/missing aclocal-1.15'
AMDEPBACKSLASH='\'
AMDEP_FALSE='#'
AMDEP_TRUE=''
AMTAR='$${TAR-tar}'
AM_BACKSLASH='\'
AM_DEFAULT_V='$(AM_DEFAULT_VERBOSITY)'
AM_DEFAULT_VERBOSITY='0'
AM_DISTCHECK_CONFIGURE_FLAGS += --disable-code-coverage
AM_DISTCHECK_CONFIGURE_FLAGS ?=
AM_V='$(V)'
AR='ar'
AUTOCONF='${SHELL} /Users/Darkyen/IntelliJProjects/libgdxExperimentation/harfbuzz-1.8.1/missing autoconf'
AUTOHEADER='${SHELL} /Users/Darkyen/IntelliJProjects/libgdxExperimentation/harfbuzz-1.8.1/missing autoheader'
AUTOMAKE='${SHELL} /Users/Darkyen/IntelliJProjects/libgdxExperimentation/harfbuzz-1.8.1/missing automake-1.15'
AWK='awk'
CAIRO_CFLAGS='-I/usr/local/Cellar/cairo/1.14.12/include/cairo -I/usr/local/Cellar/glib/2.56.1/include/glib-2.0 -I/usr/local/Cellar/glib/2.56.1/lib/glib-2.0/include -I/usr/local/opt/gettext/include -I/usr/local/Cellar/pcre/8.42/include -I/usr/local/Cellar/pixman/0.34.0_1/include/pixman-1 -I/usr/local/Cellar/fontconfig/2.13.0/include -I/usr/local/opt/freetype/include/freetype2 -I/usr/local/Cellar/libpng/1.6.34/include/libpng16'
CAIRO_FT_CFLAGS='-I/usr/local/Cellar/cairo/1.14.12/include/cairo -I/usr/local/Cellar/glib/2.56.1/include/glib-2.0 -I/usr/local/Cellar/glib/2.56.1/lib/glib-2.0/include -I/usr/local/opt/gettext/include -I/usr/local/Cellar/pcre/8.42/include -I/usr/local/Cellar/pixman/0.34.0_1/include/pixman-1 -I/usr/local/Cellar/fontconfig/2.13.0/include -I/usr/local/Cellar/libpng/1.6.34/include/libpng16 -I/usr/local/opt/freetype/include/freetype2'
CAIRO_FT_LIBS='-L/usr/local/Cellar/cairo/1.14.12/lib -L/usr/local/opt/freetype/lib -lcairo -lfreetype'
CAIRO_LIBS='-L/usr/local/Cellar/cairo/1.14.12/lib -lcairo'
CC='gcc'
CCDEPMODE='depmode=gcc3'
CFLAGS='-g -O2'
CODE_COVERAGE_BRANCH_COVERAGE ?=
CODE_COVERAGE_CFLAGS=''
CODE_COVERAGE_CPPFLAGS=''
CODE_COVERAGE_CXXFLAGS=''
CODE_COVERAGE_DIRECTORY ?= $(top_builddir)
CODE_COVERAGE_ENABLED='no'
CODE_COVERAGE_ENABLED_FALSE=''
CODE_COVERAGE_ENABLED_TRUE='#'
CODE_COVERAGE_GENHTML_OPTIONS ?= $(CODE_COVERAGE_GENHTML_OPTIONS_DEFAULT)
CODE_COVERAGE_GENHTML_OPTIONS_DEFAULT ?=\
CODE_COVERAGE_IGNORE_PATTERN ?=
CODE_COVERAGE_LCOV_OPTIONS ?= $(CODE_COVERAGE_LCOV_OPTIONS_DEFAULT)
CODE_COVERAGE_LCOV_OPTIONS_DEFAULT ?= $(CODE_COVERAGE_LCOV_OPTIONS_GCOVPATH)
CODE_COVERAGE_LCOV_OPTIONS_GCOVPATH ?= --gcov-tool "$(GCOV)"
CODE_COVERAGE_LCOV_RMOPTS ?= $(CODE_COVERAGE_LCOV_RMOPTS_DEFAULT)
CODE_COVERAGE_LCOV_RMOPTS_DEFAULT ?=
CODE_COVERAGE_LCOV_SHOPTS ?= $(CODE_COVERAGE_LCOV_SHOPTS_DEFAULT)
CODE_COVERAGE_LCOV_SHOPTS_DEFAULT ?= $(if $(CODE_COVERAGE_BRANCH_COVERAGE),\
CODE_COVERAGE_LDFLAGS=''
CODE_COVERAGE_LIBS=''
CODE_COVERAGE_OUTPUT_DIRECTORY ?= $(PACKAGE_NAME)-$(PACKAGE_VERSION)-coverage
CODE_COVERAGE_OUTPUT_FILE ?= $(PACKAGE_NAME)-$(PACKAGE_VERSION)-coverage.info
CODE_COVERAGE_RULES='
CORETEXT_CFLAGS=''
CORETEXT_LIBS=''
CPP='gcc -E'
CPPFLAGS=''
CXX='g++'
CXXCPP='g++ -E'
CXXDEPMODE='depmode=gcc3'
CXXFLAGS='-fno-rtti -g -O2 -fno-exceptions -fno-threadsafe-statics -Wcast-align -fvisibility-inlines-hidden'
CYGPATH_W='echo'
DEFS='-DHAVE_CONFIG_H'
DEPDIR='.deps'
DIRECTWRITE_CXXFLAGS=''
DIRECTWRITE_LIBS=''
DLLTOOL='false'
DSYMUTIL='dsymutil'
DUMPBIN=''
ECHO_C='\c'
ECHO_N=''
ECHO_T=''
EGREP='/usr/bin/grep -E'
ENABLE_GTK_DOC_FALSE=''
ENABLE_GTK_DOC_TRUE='#'
EXEEXT=''
FGREP='/usr/bin/grep -F'
FONTCONFIG_CFLAGS='-I/usr/local/Cellar/fontconfig/2.13.0/include -I/usr/local/opt/freetype/include/freetype2'
FONTCONFIG_LIBS='-L/usr/local/Cellar/fontconfig/2.13.0/lib -L/usr/local/opt/freetype/lib -lfontconfig -lfreetype'
FREETYPE_CFLAGS='-I/usr/local/opt/freetype/include/freetype2'
FREETYPE_DEPS='freetype2 >= 12.0.6'
FREETYPE_LIBS='-L/usr/local/opt/freetype/lib -lfreetype'
GCOV=''
GENHTML=''
GIT='${SHELL} /Users/Darkyen/IntelliJProjects/libgdxExperimentation/harfbuzz-1.8.1/missing git'
GITIGNOREFILES += $(CODE_COVERAGE_OUTPUT_FILE) $(CODE_COVERAGE_OUTPUT_DIRECTORY)
GITIGNOREFILES ?=
GLIB_CFLAGS='-I/usr/local/Cellar/glib/2.56.1/include/glib-2.0 -I/usr/local/Cellar/glib/2.56.1/lib/glib-2.0/include -I/usr/local/opt/gettext/include -I/usr/local/Cellar/pcre/8.42/include'
GLIB_DEPS='glib-2.0 >= 2.19.1'
GLIB_LIBS='-L/usr/local/Cellar/glib/2.56.1/lib -L/usr/local/opt/gettext/lib -lglib-2.0 -lintl -Wl,-framework -Wl,CoreFoundation'
GLIB_MKENUMS=''
GOBJECT_CFLAGS=''
GOBJECT_LIBS=''
GRAPHITE2_CFLAGS=''
GRAPHITE2_DEPS='graphite2'
GRAPHITE2_LIBS=''
GREP='/usr/bin/grep'
GTKDOC_CHECK=''
GTKDOC_CHECK_PATH=''
GTKDOC_DEPS_CFLAGS='-I/usr/local/Cellar/glib/2.56.1/include/glib-2.0 -I/usr/local/Cellar/glib/2.56.1/lib/glib-2.0/include -I/usr/local/opt/gettext/include -I/usr/local/Cellar/pcre/8.42/include'
GTKDOC_DEPS_LIBS='-L/usr/local/Cellar/glib/2.56.1/lib -L/usr/local/opt/gettext/lib -lgobject-2.0 -lglib-2.0 -lintl -Wl,-framework -Wl,CoreFoundation'
GTKDOC_MKPDF=''
GTKDOC_REBASE='true'
GTK_DOC_BUILD_HTML_FALSE='#'
GTK_DOC_BUILD_HTML_TRUE=''
GTK_DOC_BUILD_PDF_FALSE=''
GTK_DOC_BUILD_PDF_TRUE='#'
GTK_DOC_USE_LIBTOOL_FALSE='#'
GTK_DOC_USE_LIBTOOL_TRUE=''
GTK_DOC_USE_REBASE_FALSE='#'
GTK_DOC_USE_REBASE_TRUE=''
HAVE_CAIRO_FALSE='#'
HAVE_CAIRO_FT_FALSE='#'
HAVE_CAIRO_FT_TRUE=''
HAVE_CAIRO_TRUE=''
HAVE_CORETEXT_FALSE=''
HAVE_CORETEXT_TRUE='#'
HAVE_DIRECTWRITE_FALSE=''
HAVE_DIRECTWRITE_TRUE='#'
HAVE_FALLBACK_FALSE='#'
HAVE_FALLBACK_TRUE=''
HAVE_FONTCONFIG_FALSE='#'
HAVE_FONTCONFIG_TRUE=''
HAVE_FREETYPE_FALSE='#'
HAVE_FREETYPE_TRUE=''
HAVE_GCC_FALSE='#'
HAVE_GCC_TRUE=''
HAVE_GLIB_FALSE='#'
HAVE_GLIB_TRUE=''
HAVE_GOBJECT_FALSE=''
HAVE_GOBJECT_TRUE='#'
HAVE_GRAPHITE2_FALSE=''
HAVE_GRAPHITE2_TRUE='#'
HAVE_GTK_DOC_FALSE=''
HAVE_GTK_DOC_TRUE='#'
HAVE_ICU_BUILTIN_FALSE=''
HAVE_ICU_BUILTIN_TRUE='#'
HAVE_ICU_FALSE=''
HAVE_ICU_TRUE='#'
HAVE_INTROSPECTION_FALSE=''
HAVE_INTROSPECTION_TRUE='#'
HAVE_OT_FALSE='#'
HAVE_OT_TRUE=''
HAVE_PTHREAD_FALSE='#'
HAVE_PTHREAD_TRUE=''
HAVE_UCDN_FALSE='#'
HAVE_UCDN_TRUE=''
HAVE_UNISCRIBE_FALSE=''
HAVE_UNISCRIBE_TRUE='#'
HB_LIBTOOL_VERSION_INFO='10800:1:10800'
HB_VERSION='1.8.1'
HB_VERSION_MAJOR='1'
HB_VERSION_MICRO='1'
HB_VERSION_MINOR='8'
HTML_DIR='${datadir}/gtk-doc/html'
ICU_CFLAGS=''
ICU_CONFIG='no'
ICU_LIBS=''
INSTALL_DATA='${INSTALL} -m 644'
INSTALL_PROGRAM='${INSTALL}'
INSTALL_SCRIPT='${INSTALL}'
INSTALL_STRIP_PROGRAM='$(install_sh) -c -s'
INTROSPECTION_CFLAGS=''
INTROSPECTION_COMPILER=''
INTROSPECTION_GENERATE=''
INTROSPECTION_GIRDIR=''
INTROSPECTION_LIBS=''
INTROSPECTION_MAKEFILE=''
INTROSPECTION_SCANNER=''
INTROSPECTION_TYPELIBDIR=''
LCOV=''
LD='/Applications/Xcode.app/Contents/Developer/Toolchains/XcodeDefault.xctoolchain/usr/bin/ld'
LDFLAGS=' -Bsymbolic-functions'
LIBOBJS=''
LIBS=''
LIBTOOL='$(SHELL) $(top_builddir)/libtool'
LIPO='lipo'
LN_S='ln -s'
LTLIBOBJS=''
LT_SYS_LIBRARY_PATH=''
MAKEINFO='${SHELL} /Users/Darkyen/IntelliJProjects/libgdxExperimentation/harfbuzz-1.8.1/missing makeinfo'
MANIFEST_TOOL=':'
MKDIR_P='/usr/local/bin/gmkdir -p'
NM='/usr/bin/nm -B'
NMEDIT='nmedit'
OBJDUMP='false'
OBJEXT='o'
OS_WIN32_FALSE=''
OS_WIN32_TRUE='#'
OTOOL64=':'
OTOOL='otool'
PACKAGE='harfbuzz'
PACKAGE_BUGREPORT='https://github.com/harfbuzz/harfbuzz/issues/new'
PACKAGE_NAME='HarfBuzz'
PACKAGE_STRING='HarfBuzz 1.8.1'
PACKAGE_TARNAME='harfbuzz'
PACKAGE_URL='http://harfbuzz.org/'
PACKAGE_VERSION='1.8.1'
PATH_SEPARATOR=':'
PKG_CONFIG='/usr/local/bin/pkg-config'
PTHREAD_CC='gcc'
PTHREAD_CFLAGS='-Qunused-arguments -pthread'
PTHREAD_LIBS=''
RAGEL='${SHELL} /Users/Darkyen/IntelliJProjects/libgdxExperimentation/harfbuzz-1.8.1/missing ragel'
RANLIB='ranlib'
SED='/usr/bin/sed'
SET_MAKE=''
SHELL='/bin/sh'
STRIP='strip'
UNISCRIBE_CFLAGS=''
UNISCRIBE_LIBS=''
VERSION='1.8.1'
WITH_LIBSTDCXX_FALSE=''
WITH_LIBSTDCXX_TRUE='#'
ac_ct_AR='ar'
ac_ct_CC='gcc'
ac_ct_CXX='g++'
ac_ct_DUMPBIN=''
am__EXEEXT_FALSE=''
am__EXEEXT_TRUE='#'
am__fastdepCC_FALSE='#'
am__fastdepCC_TRUE=''
am__fastdepCXX_FALSE='#'
am__fastdepCXX_TRUE=''
am__include='include'
am__isrc=''
am__leading_dot='.'
am__nodep='_no'
am__quote=''
am__tar='tar --format=ustar -chf - "$$tardir"'
am__untar='tar -xf -'
ax_pthread_config=''
bindir='${exec_prefix}/bin'
build='x86_64-apple-darwin15.6.0'
build_alias=''
build_cpu='x86_64'
build_os='darwin15.6.0'
build_vendor='apple'
check-code-coverage:
code-coverage-capture-hook:
code-coverage-capture: code-coverage-capture-hook
code_coverage_quiet = $(code_coverage_quiet_$(V))
code_coverage_quiet_ = $(code_coverage_quiet_$(AM_DEFAULT_VERBOSITY))
code_coverage_quiet_0 = --quiet
code_coverage_sanitize = $(subst -,_,$(subst .,_,$(1)))
code_coverage_v_genhtml = $(code_coverage_v_genhtml_$(V))
code_coverage_v_genhtml_ = $(code_coverage_v_genhtml_$(AM_DEFAULT_VERBOSITY))
code_coverage_v_genhtml_0 = @echo "  GEN   " $(CODE_COVERAGE_OUTPUT_DIRECTORY);
code_coverage_v_lcov_cap = $(code_coverage_v_lcov_cap_$(V))
code_coverage_v_lcov_cap_ = $(code_coverage_v_lcov_cap_$(AM_DEFAULT_VERBOSITY))
code_coverage_v_lcov_cap_0 = @echo "  LCOV   --capture"\
code_coverage_v_lcov_ign = $(code_coverage_v_lcov_ign_$(V))
code_coverage_v_lcov_ign_ = $(code_coverage_v_lcov_ign_$(AM_DEFAULT_VERBOSITY))
code_coverage_v_lcov_ign_0 = @echo "  LCOV   --remove /tmp/*"\
datadir='${datarootdir}'
datarootdir='${prefix}/share'
docdir='${datarootdir}/doc/${PACKAGE_TARNAME}'
dvidir='${docdir}'
exec_prefix='${prefix}'
have_gobject='false'
host='x86_64-apple-darwin15.6.0'
host_alias=''
host_cpu='x86_64'
host_os='darwin15.6.0'
host_vendor='apple'
htmldir='${docdir}'
includedir='${prefix}/include'
infodir='${datarootdir}/info'
install_sh='${SHELL} /Users/Darkyen/IntelliJProjects/libgdxExperimentation/harfbuzz-1.8.1/install-sh'
libdir='${exec_prefix}/lib'
libexecdir='${exec_prefix}/libexec'
localedir='${datarootdir}/locale'
localstatedir='${prefix}/var'
mandir='${datarootdir}/man'
mkdir_p='$(MKDIR_P)'
oldincludedir='/usr/include'
pdfdir='${docdir}'
prefix='/Users/Darkyen/IntelliJProjects/libgdxExperimentation/harfbuzz'
program_transform_name='s,x,x,'
psdir='${docdir}'
runstatedir='${localstatedir}/run'
sbindir='${exec_prefix}/sbin'
sharedstatedir='${prefix}/com'
sysconfdir='${prefix}/etc'
target_alias=''

## ----------- ##
## confdefs.h. ##
## ----------- ##

/* confdefs.h */
#define PACKAGE_NAME "HarfBuzz"
#define PACKAGE_TARNAME "harfbuzz"
#define PACKAGE_VERSION "1.8.1"
#define PACKAGE_STRING "HarfBuzz 1.8.1"
#define PACKAGE_BUGREPORT "https://github.com/harfbuzz/harfbuzz/issues/new"
#define PACKAGE_URL "http://harfbuzz.org/"
#define STDC_HEADERS 1
#define HAVE_SYS_TYPES_H 1
#define HAVE_SYS_STAT_H 1
#define HAVE_STDLIB_H 1
#define HAVE_STRING_H 1
#define HAVE_MEMORY_H 1
#define HAVE_STRINGS_H 1
#define HAVE_INTTYPES_H 1
#define HAVE_STDINT_H 1
#define HAVE_UNISTD_H 1
#define HAVE_DLFCN_H 1
#define LT_OBJDIR ".libs/"
#define __EXTENSIONS__ 1
#define _ALL_SOURCE 1
#define _GNU_SOURCE 1
#define _POSIX_PTHREAD_SEMANTICS 1
#define _TANDEM_SOURCE 1
#define HAVE_ATEXIT 1
#define HAVE_MPROTECT 1
#define HAVE_SYSCONF 1
#define HAVE_GETPAGESIZE 1
#define HAVE_MMAP 1
#define HAVE_ISATTY 1
#define HAVE_NEWLOCALE 1
#define HAVE_STRTOD_L 1
#define HAVE_ROUND 1
#define HAVE_UNISTD_H 1
#define HAVE_SYS_MMAN_H 1
#define HAVE_XLOCALE_H 1
#define HAVE_STDBOOL_H 1
#define ALIGNOF_STRUCT_CHAR__ 1
#define HAVE_PTHREAD_PRIO_INHERIT 1
#define HAVE_PTHREAD 1
#define HAVE_OT 1
#define HAVE_FALLBACK 1
#define HAVE_GLIB 1
#define HAVE_CAIRO 1
#define HAVE_CAIRO_FT 1
#define HAVE_FONTCONFIG 1
#define HAVE_UCDN 1
#define HAVE_FREETYPE 1
#define HAVE_FT_GET_VAR_BLEND_COORDINATES 1
#define HAVE_FT_SET_VAR_BLEND_COORDINATES 1
#define HAVE_FT_DONE_MM_VAR 1
#define HAVE_INTEL_ATOMIC_PRIMITIVES 1

configure: exit 0
